<?xml version="1.0" encoding="UTF-8"?>
<testng-results skipped="0" failed="1" ignored="0" total="6" passed="5">
  <reporter-output>
  </reporter-output>
  <suite name="Guru 99 Banking Application test Suite" duration-ms="212014" started-at="2019-02-12T18:02:14Z" finished-at="2019-02-12T18:05:46Z">
    <groups>
    </groups>
    <test name="Guru99 Manager Tests" duration-ms="212014" started-at="2019-02-12T18:02:14Z" finished-at="2019-02-12T18:05:46Z">
      <class name="com.qa.guru99.TestCases.HomePgaeTest">
        <test-method status="PASS" signature="setUp()[pri:0, instance:com.qa.guru99.TestCases.HomePgaeTest@20398b7c]" name="setUp" is-config="true" duration-ms="23275" started-at="2019-02-12T18:04:03Z" finished-at="2019-02-12T18:04:26Z">
          <reporter-output>
          </reporter-output>
        </test-method> <!-- setUp -->
        <test-method status="PASS" signature="veryHomepageTitleTest()[pri:3, instance:com.qa.guru99.TestCases.HomePgaeTest@20398b7c]" name="veryHomepageTitleTest" duration-ms="167" started-at="2019-02-12T18:04:26Z" finished-at="2019-02-12T18:04:26Z">
          <reporter-output>
          </reporter-output>
        </test-method> <!-- veryHomepageTitleTest -->
        <test-method status="PASS" signature="tearDown()[pri:0, instance:com.qa.guru99.TestCases.HomePgaeTest@20398b7c]" name="tearDown" is-config="true" duration-ms="2143" started-at="2019-02-12T18:04:26Z" finished-at="2019-02-12T18:04:29Z">
          <reporter-output>
          </reporter-output>
        </test-method> <!-- tearDown -->
        <test-method status="PASS" signature="setUp()[pri:0, instance:com.qa.guru99.TestCases.HomePgaeTest@20398b7c]" name="setUp" is-config="true" duration-ms="26880" started-at="2019-02-12T18:04:29Z" finished-at="2019-02-12T18:04:56Z">
          <reporter-output>
          </reporter-output>
        </test-method> <!-- setUp -->
        <test-method status="PASS" signature="verifyWelcomeMsgTest()[pri:4, instance:com.qa.guru99.TestCases.HomePgaeTest@20398b7c]" name="verifyWelcomeMsgTest" duration-ms="756" started-at="2019-02-12T18:04:56Z" finished-at="2019-02-12T18:04:56Z">
          <reporter-output>
          </reporter-output>
        </test-method> <!-- verifyWelcomeMsgTest -->
        <test-method status="PASS" signature="tearDown()[pri:0, instance:com.qa.guru99.TestCases.HomePgaeTest@20398b7c]" name="tearDown" is-config="true" duration-ms="1014" started-at="2019-02-12T18:04:56Z" finished-at="2019-02-12T18:04:57Z">
          <reporter-output>
          </reporter-output>
        </test-method> <!-- tearDown -->
        <test-method status="PASS" signature="setUp()[pri:0, instance:com.qa.guru99.TestCases.HomePgaeTest@20398b7c]" name="setUp" is-config="true" duration-ms="21299" started-at="2019-02-12T18:04:57Z" finished-at="2019-02-12T18:05:19Z">
          <reporter-output>
          </reporter-output>
        </test-method> <!-- setUp -->
        <test-method status="PASS" signature="verifyUserInfoTest()[pri:5, instance:com.qa.guru99.TestCases.HomePgaeTest@20398b7c]" name="verifyUserInfoTest" duration-ms="136" started-at="2019-02-12T18:05:19Z" finished-at="2019-02-12T18:05:19Z">
          <reporter-output>
          </reporter-output>
        </test-method> <!-- verifyUserInfoTest -->
        <test-method status="PASS" signature="tearDown()[pri:0, instance:com.qa.guru99.TestCases.HomePgaeTest@20398b7c]" name="tearDown" is-config="true" duration-ms="1048" started-at="2019-02-12T18:05:19Z" finished-at="2019-02-12T18:05:20Z">
          <reporter-output>
          </reporter-output>
        </test-method> <!-- tearDown -->
        <test-method status="PASS" signature="setUp()[pri:0, instance:com.qa.guru99.TestCases.HomePgaeTest@20398b7c]" name="setUp" is-config="true" duration-ms="22169" started-at="2019-02-12T18:05:20Z" finished-at="2019-02-12T18:05:42Z">
          <reporter-output>
          </reporter-output>
        </test-method> <!-- setUp -->
        <test-method status="PASS" signature="verifyHomePageLinksTest()[pri:6, instance:com.qa.guru99.TestCases.HomePgaeTest@20398b7c]" name="verifyHomePageLinksTest" duration-ms="2988" started-at="2019-02-12T18:05:42Z" finished-at="2019-02-12T18:05:45Z">
          <reporter-output>
          </reporter-output>
        </test-method> <!-- verifyHomePageLinksTest -->
        <test-method status="PASS" signature="tearDown()[pri:0, instance:com.qa.guru99.TestCases.HomePgaeTest@20398b7c]" name="tearDown" is-config="true" duration-ms="952" started-at="2019-02-12T18:05:45Z" finished-at="2019-02-12T18:05:46Z">
          <reporter-output>
          </reporter-output>
        </test-method> <!-- tearDown -->
      </class> <!-- com.qa.guru99.TestCases.HomePgaeTest -->
      <class name="com.qa.guru99.TestCases.LoginTest">
        <test-method status="PASS" signature="setUp()[pri:0, instance:com.qa.guru99.TestCases.LoginTest@71423665]" name="setUp" is-config="true" duration-ms="33702" started-at="2019-02-12T18:02:14Z" finished-at="2019-02-12T18:02:48Z">
          <reporter-output>
          </reporter-output>
        </test-method> <!-- setUp -->
        <test-method status="PASS" signature="verifyTitleTest()[pri:1, instance:com.qa.guru99.TestCases.LoginTest@71423665]" name="verifyTitleTest" duration-ms="5387" started-at="2019-02-12T18:02:48Z" finished-at="2019-02-12T18:02:53Z">
          <reporter-output>
          </reporter-output>
        </test-method> <!-- verifyTitleTest -->
        <test-method status="PASS" signature="tearDown()[pri:0, instance:com.qa.guru99.TestCases.LoginTest@71423665]" name="tearDown" is-config="true" duration-ms="928" started-at="2019-02-12T18:02:53Z" finished-at="2019-02-12T18:02:54Z">
          <reporter-output>
          </reporter-output>
        </test-method> <!-- tearDown -->
        <test-method status="PASS" signature="setUp()[pri:0, instance:com.qa.guru99.TestCases.LoginTest@71423665]" name="setUp" is-config="true" duration-ms="27702" started-at="2019-02-12T18:02:54Z" finished-at="2019-02-12T18:03:22Z">
          <reporter-output>
          </reporter-output>
        </test-method> <!-- setUp -->
        <test-method status="FAIL" signature="verifyLoginTest()[pri:2, instance:com.qa.guru99.TestCases.LoginTest@71423665]" name="verifyLoginTest" duration-ms="36637" started-at="2019-02-12T18:03:22Z" finished-at="2019-02-12T18:03:59Z">
          <exception class="org.openqa.selenium.TimeoutException">
            <message>
              <![CDATA[timeout
  (Session info: chrome=72.0.3626.96)
  (Driver info: chromedriver=2.41.578737 (49da6702b16031c40d63e5618de03a32ff6c197e),platform=Windows NT 6.1.7601 SP1 x86_64) (WARNING: The server did not provide any stacktrace information)
Command duration or timeout: 0 milliseconds
Build info: version: '3.141.59', revision: 'e82be7d358', time: '2018-11-14T08:17:03'
System info: host: 'CHINTU-VAIO', ip: '192.168.1.129', os.name: 'Windows 7', os.arch: 'amd64', os.version: '6.1', java.version: '1.8.0_131'
Driver info: org.openqa.selenium.chrome.ChromeDriver
Capabilities {acceptInsecureCerts: false, acceptSslCerts: false, applicationCacheEnabled: false, browserConnectionEnabled: false, browserName: chrome, chrome: {chromedriverVersion: 2.41.578737 (49da6702b16031..., userDataDir: C:\Users\Chintu\AppData\Loc...}, cssSelectorsEnabled: true, databaseEnabled: false, goog:chromeOptions: {debuggerAddress: localhost:57009}, handlesAlerts: true, hasTouchScreen: false, javascriptEnabled: true, locationContextEnabled: true, mobileEmulationEnabled: false, nativeEvents: true, networkConnectionEnabled: false, pageLoadStrategy: normal, platform: XP, platformName: XP, rotatable: false, setWindowRect: true, takesHeapSnapshot: true, takesScreenshot: true, unexpectedAlertBehaviour: , unhandledPromptBehavior: , version: 72.0.3626.96, webStorageEnabled: true}
Session ID: 8639d9149c810dc44fae21d11c8a38b3]]>
            </message>
            <full-stacktrace>
              <![CDATA[org.openqa.selenium.TimeoutException: timeout
  (Session info: chrome=72.0.3626.96)
  (Driver info: chromedriver=2.41.578737 (49da6702b16031c40d63e5618de03a32ff6c197e),platform=Windows NT 6.1.7601 SP1 x86_64) (WARNING: The server did not provide any stacktrace information)
Command duration or timeout: 0 milliseconds
Build info: version: '3.141.59', revision: 'e82be7d358', time: '2018-11-14T08:17:03'
System info: host: 'CHINTU-VAIO', ip: '192.168.1.129', os.name: 'Windows 7', os.arch: 'amd64', os.version: '6.1', java.version: '1.8.0_131'
Driver info: org.openqa.selenium.chrome.ChromeDriver
Capabilities {acceptInsecureCerts: false, acceptSslCerts: false, applicationCacheEnabled: false, browserConnectionEnabled: false, browserName: chrome, chrome: {chromedriverVersion: 2.41.578737 (49da6702b16031..., userDataDir: C:\Users\Chintu\AppData\Loc...}, cssSelectorsEnabled: true, databaseEnabled: false, goog:chromeOptions: {debuggerAddress: localhost:57009}, handlesAlerts: true, hasTouchScreen: false, javascriptEnabled: true, locationContextEnabled: true, mobileEmulationEnabled: false, nativeEvents: true, networkConnectionEnabled: false, pageLoadStrategy: normal, platform: XP, platformName: XP, rotatable: false, setWindowRect: true, takesHeapSnapshot: true, takesScreenshot: true, unexpectedAlertBehaviour: , unhandledPromptBehavior: , version: 72.0.3626.96, webStorageEnabled: true}
Session ID: 8639d9149c810dc44fae21d11c8a38b3
at sun.reflect.NativeConstructorAccessorImpl.newInstance0(Native Method)
at sun.reflect.NativeConstructorAccessorImpl.newInstance(NativeConstructorAccessorImpl.java:62)
at sun.reflect.DelegatingConstructorAccessorImpl.newInstance(DelegatingConstructorAccessorImpl.java:45)
at java.lang.reflect.Constructor.newInstance(Constructor.java:423)
at org.openqa.selenium.remote.ErrorHandler.createThrowable(ErrorHandler.java:214)
at org.openqa.selenium.remote.ErrorHandler.throwIfResponseFailed(ErrorHandler.java:166)
at org.openqa.selenium.remote.http.JsonHttpResponseCodec.reconstructValue(JsonHttpResponseCodec.java:40)
at org.openqa.selenium.remote.http.AbstractHttpResponseCodec.decode(AbstractHttpResponseCodec.java:80)
at org.openqa.selenium.remote.http.AbstractHttpResponseCodec.decode(AbstractHttpResponseCodec.java:44)
at org.openqa.selenium.remote.HttpCommandExecutor.execute(HttpCommandExecutor.java:158)
at org.openqa.selenium.remote.service.DriverCommandExecutor.execute(DriverCommandExecutor.java:83)
at org.openqa.selenium.remote.RemoteWebDriver.execute(RemoteWebDriver.java:552)
at org.openqa.selenium.remote.RemoteWebElement.execute(RemoteWebElement.java:285)
at org.openqa.selenium.remote.RemoteWebElement.click(RemoteWebElement.java:84)
at sun.reflect.NativeMethodAccessorImpl.invoke0(Native Method)
at sun.reflect.NativeMethodAccessorImpl.invoke(NativeMethodAccessorImpl.java:62)
at sun.reflect.DelegatingMethodAccessorImpl.invoke(DelegatingMethodAccessorImpl.java:43)
at java.lang.reflect.Method.invoke(Method.java:498)
at org.openqa.selenium.support.pagefactory.internal.LocatingElementHandler.invoke(LocatingElementHandler.java:51)
at com.sun.proxy.$Proxy9.click(Unknown Source)
at com.qa.guru99.Pages.LoginPage.verifyLogin(LoginPage.java:34)
at com.qa.guru99.TestCases.LoginTest.verifyLoginTest(LoginTest.java:37)
at sun.reflect.NativeMethodAccessorImpl.invoke0(Native Method)
at sun.reflect.NativeMethodAccessorImpl.invoke(NativeMethodAccessorImpl.java:62)
at sun.reflect.DelegatingMethodAccessorImpl.invoke(DelegatingMethodAccessorImpl.java:43)
at java.lang.reflect.Method.invoke(Method.java:498)
at org.testng.internal.MethodInvocationHelper.invokeMethod(MethodInvocationHelper.java:124)
at org.testng.internal.Invoker.invokeMethod(Invoker.java:583)
at org.testng.internal.Invoker.invokeTestMethod(Invoker.java:719)
at org.testng.internal.Invoker.invokeTestMethods(Invoker.java:989)
at org.testng.internal.TestMethodWorker.invokeTestMethods(TestMethodWorker.java:125)
at org.testng.internal.TestMethodWorker.run(TestMethodWorker.java:109)
at org.testng.TestRunner.privateRun(TestRunner.java:648)
at org.testng.TestRunner.run(TestRunner.java:505)
at org.testng.SuiteRunner.runTest(SuiteRunner.java:455)
at org.testng.SuiteRunner.runSequentially(SuiteRunner.java:450)
at org.testng.SuiteRunner.privateRun(SuiteRunner.java:415)
at org.testng.SuiteRunner.run(SuiteRunner.java:364)
at org.testng.SuiteRunnerWorker.runSuite(SuiteRunnerWorker.java:52)
at org.testng.SuiteRunnerWorker.run(SuiteRunnerWorker.java:84)
at org.testng.TestNG.runSuitesSequentially(TestNG.java:1208)
at org.testng.TestNG.runSuitesLocally(TestNG.java:1137)
at org.testng.TestNG.runSuites(TestNG.java:1049)
at org.testng.TestNG.run(TestNG.java:1017)
at org.testng.remote.AbstractRemoteTestNG.run(AbstractRemoteTestNG.java:132)
at org.testng.remote.RemoteTestNG.initAndRun(RemoteTestNG.java:230)
at org.testng.remote.RemoteTestNG.main(RemoteTestNG.java:76)
]]>
            </full-stacktrace>
          </exception> <!-- org.openqa.selenium.TimeoutException -->
          <reporter-output>
          </reporter-output>
        </test-method> <!-- verifyLoginTest -->
        <test-method status="PASS" signature="tearDown()[pri:0, instance:com.qa.guru99.TestCases.LoginTest@71423665]" name="tearDown" is-config="true" duration-ms="1575" started-at="2019-02-12T18:04:01Z" finished-at="2019-02-12T18:04:03Z">
          <reporter-output>
          </reporter-output>
        </test-method> <!-- tearDown -->
      </class> <!-- com.qa.guru99.TestCases.LoginTest -->
    </test> <!-- Guru99 Manager Tests -->
  </suite> <!-- Guru 99 Banking Application test Suite -->
</testng-results>
